[NotebookApp | WARNING] No nbgrader_config.py file found (rerun with --debug to see where nbgrader is looking)
[NotebookApp | INFO] Loading the validate_assignment nbgrader serverextension
[NotebookApp | INFO] Serving notebooks from local directory: /Users/johnmclevey/Desktop/text_analysis_workshop
[NotebookApp | INFO] 0 active kernels
[NotebookApp | INFO] The Jupyter Notebook is running at:
[NotebookApp | INFO] http://localhost:8888/?token=8fd55249bfb3ab8bfd2f6091f2eab8c7bf5e92cf45a734fd
[NotebookApp | INFO] Use Control-C to stop this server and shut down all kernels (twice to skip confirmation).
[NotebookApp | CRITICAL] 
    
    Copy/paste this URL into your browser when you connect for the first time,
    to login with a token:
        http://localhost:8888/?token=8fd55249bfb3ab8bfd2f6091f2eab8c7bf5e92cf45a734fd
[NotebookApp | INFO] Accepting one-time-token-authenticated connection from ::1
[NotebookApp | INFO] 302 GET /tree (::1) 0.98ms
[NotebookApp | WARNING] 401 POST /login?next=%2Ftree (::1) 1.96ms referer=http://localhost:8888/login?next=%2Ftree
[NotebookApp | INFO] Creating new notebook in 
[NotebookApp | INFO] Kernel started: 344f7c43-39a5-497a-8ab8-764027fc6e94
[NotebookApp | INFO] Adapting to protocol v5.1 for kernel 344f7c43-39a5-497a-8ab8-764027fc6e94
[NotebookApp | WARNING] 404 GET /notebooks/johnmclevey.com (::1): No such file or directory: johnmclevey.com
[NotebookApp | WARNING] 404 GET /notebooks/johnmclevey.com (::1) 14.93ms referer=http://localhost:8888/notebooks/Untitled.ipynb?kernel_name=python3
[NotebookApp | INFO] Saving file at /Untitled.ipynb
[NotebookApp | INFO] Saving file at /text_analysis_1.ipynb
[NotebookApp | INFO] Saving file at /text_analysis_1.ipynb
[NotebookApp | INFO] Saving file at /text_analysis_1.ipynb
[NotebookApp | INFO] Saving file at /text_analysis_1.ipynb
[NotebookApp | INFO] Saving file at /text_analysis_1.ipynb
[NotebookApp | INFO] Saving file at /text_analysis_1.ipynb
[NotebookApp | INFO] Saving file at /text_analysis_1.ipynb
[NotebookApp | INFO] Saving file at /text_analysis_1.ipynb
[NotebookApp | INFO] Saving file at /text_analysis_1.ipynb
[NotebookApp | INFO] Saving file at /text_analysis_1.ipynb
[NotebookApp | INFO] Saving file at /text_analysis_1.ipynb
[NotebookApp | INFO] Saving file at /text_analysis_1.ipynb
[NotebookApp | INFO] Saving file at /text_analysis_1.ipynb
[NotebookApp | INFO] Saving file at /text_analysis_1.ipynb
[NotebookApp | INFO] Saving file at /text_analysis_1.ipynb
[NotebookApp | INFO] Saving file at /text_analysis_1.ipynb
[NotebookApp | INFO] Saving file at /text_analysis_1.ipynb
[NotebookApp | INFO] Saving file at /text_analysis_1.ipynb
[NotebookApp | INFO] Saving file at /text_analysis_1.ipynb
[NotebookApp | INFO] Saving file at /text_analysis_1.ipynb
[NotebookApp | INFO] Saving file at /text_analysis_1.ipynb
[NotebookApp | INFO] Saving file at /text_analysis_1.ipynb
[NotebookApp | INFO] Saving file at /text_analysis_1.ipynb
[NotebookApp | INFO] Saving file at /text_analysis_1.ipynb
[NotebookApp | INFO] Saving file at /text_analysis_1.ipynb
[NotebookApp | INFO] Saving file at /text_analysis_1.ipynb
[NotebookApp | INFO] Saving file at /text_analysis_1.ipynb
[NotebookApp | INFO] Saving file at /text_analysis_1.ipynb
[NotebookApp | INFO] Saving file at /text_analysis_1.ipynb
[NotebookApp | INFO] Saving file at /text_analysis_1.ipynb
[NotebookApp | INFO] Saving file at /text_analysis_1.ipynb
[NotebookApp | INFO] Kernel interrupted: 344f7c43-39a5-497a-8ab8-764027fc6e94
[NotebookApp | INFO] Kernel interrupted: 344f7c43-39a5-497a-8ab8-764027fc6e94
[NotebookApp | INFO] Saving file at /text_analysis_1.ipynb
[NotebookApp | INFO] Saving file at /text_analysis_1.ipynb
[NotebookApp | INFO] Saving file at /text_analysis_1.ipynb
[NotebookApp | INFO] Saving file at /text_analysis_1.ipynb
[NotebookApp | INFO] Saving file at /text_analysis_1.ipynb
[NotebookApp | INFO] Saving file at /text_analysis_1.ipynb
[NotebookApp | INFO] 302 GET /notebooks/img/mclevey_overview.png (::1) 1.55ms
[NotebookApp | INFO] Saving file at /text_analysis_1.ipynb
[NotebookApp | INFO] Saving file at /text_analysis_1.ipynb
[NotebookApp | INFO] Saving file at /text_analysis_1.ipynb
[NotebookApp | INFO] Kernel interrupted: 344f7c43-39a5-497a-8ab8-764027fc6e94
[NotebookApp | INFO] Saving file at /text_analysis_1.ipynb
[NotebookApp | INFO] Saving file at /text_analysis_1.ipynb
[NotebookApp | INFO] Saving file at /text_analysis_1.ipynb
[NotebookApp | INFO] Saving file at /text_analysis_1.ipynb
[NotebookApp | INFO] Saving file at /text_analysis_1.ipynb
[NotebookApp | INFO] Saving file at /text_analysis_1.ipynb
[NotebookApp | INFO] Kernel interrupted: 344f7c43-39a5-497a-8ab8-764027fc6e94
[NotebookApp | INFO] Saving file at /text_analysis_1.ipynb
[NotebookApp | INFO] Saving file at /text_analysis_1.ipynb
[NotebookApp | INFO] Saving file at /text_analysis_1.ipynb
[NotebookApp | INFO] Saving file at /text_analysis_1.ipynb
[NotebookApp | INFO] Saving file at /text_analysis_1.ipynb
[NotebookApp | INFO] Saving file at /text_analysis_1.ipynb
[NotebookApp | INFO] Saving file at /text_analysis_1.ipynb
[NotebookApp | INFO] Saving file at /text_analysis_1.ipynb
[NotebookApp | INFO] Saving file at /text_analysis_1.ipynb
[NotebookApp | INFO] Saving file at /text_analysis_1.ipynb
[NotebookApp | INFO] Saving file at /text_analysis_1.ipynb
[NotebookApp | INFO] Saving file at /text_analysis_1.ipynb
[NotebookApp | INFO] Saving file at /text_analysis_1.ipynb
[NotebookApp | INFO] Saving file at /text_analysis_1.ipynb
[NotebookApp | INFO] 302 GET /notebooks/html/news.html (::1) 1.69ms
[NotebookApp | INFO] Saving file at /text_analysis_1.ipynb
[NotebookApp | INFO] Saving file at /text_analysis_1.ipynb
[NotebookApp | INFO] 302 GET /notebooks/html/news_corpus_characteristics.html (::1) 1.34ms
[NotebookApp | WARNING] WebSocket ping timeout after 90002 ms.
[NotebookApp | INFO] Starting buffering for 344f7c43-39a5-497a-8ab8-764027fc6e94:caf5979e8357456a8d2a168f407ebf0d
[NotebookApp | INFO] 302 GET /notebooks/img/mclevey_overview.png (::1) 0.85ms
[NotebookApp | INFO] Adapting to protocol v5.1 for kernel 344f7c43-39a5-497a-8ab8-764027fc6e94
[NotebookApp | INFO] Starting buffering for 344f7c43-39a5-497a-8ab8-764027fc6e94:42155e70def14f7d9e541a414212d66f
[NotebookApp | INFO] interrupted
[NotebookApp | CRITICAL] Shutdown confirmed
[NotebookApp | INFO] Shutting down 1 kernel
[NotebookApp | INFO] Kernel shutdown: 344f7c43-39a5-497a-8ab8-764027fc6e94
[NotebookApp | WARNING] No nbgrader_config.py file found (rerun with --debug to see where nbgrader is looking)
[NotebookApp | INFO] Loading the validate_assignment nbgrader serverextension
[NotebookApp | INFO] Serving notebooks from local directory: /Users/johnmclevey/Desktop/text_analysis_workshop
[NotebookApp | INFO] 0 active kernels
[NotebookApp | INFO] The Jupyter Notebook is running at:
[NotebookApp | INFO] http://localhost:8888/?token=c8a761ecb160900ab7ad68a8a7e70153c24c142cd5ab8b70
[NotebookApp | INFO] Use Control-C to stop this server and shut down all kernels (twice to skip confirmation).
[NotebookApp | CRITICAL] 
    
    Copy/paste this URL into your browser when you connect for the first time,
    to login with a token:
        http://localhost:8888/?token=c8a761ecb160900ab7ad68a8a7e70153c24c142cd5ab8b70
[NotebookApp | INFO] Accepting one-time-token-authenticated connection from ::1
[NotebookApp | INFO] 302 GET /notebooks/html/news.html (::1) 0.94ms
[NotebookApp | INFO] Kernel started: 48a0c706-15ca-464f-a4bf-331e1574b266
[NotebookApp | INFO] 302 GET /notebooks/img/mclevey_overview.png (::1) 1.51ms
[NotebookApp | INFO] Adapting to protocol v5.1 for kernel 48a0c706-15ca-464f-a4bf-331e1574b266
[NotebookApp | INFO] Saving file at /text_analysis_1.ipynb
[NotebookApp | INFO] Saving file at /text_analysis_1.ipynb
[NotebookApp | INFO] Saving file at /text_analysis_1.ipynb
[NotebookApp | INFO] Saving file at /text_analysis_1.ipynb
[NotebookApp | INFO] Saving file at /text_analysis_1.ipynb
[NotebookApp | INFO] Saving file at /text_analysis_1.ipynb
[NotebookApp | INFO] Saving file at /text_analysis_1.ipynb
[NotebookApp | INFO] Saving file at /text_analysis_1.ipynb
[NotebookApp | INFO] Saving file at /text_analysis_1.ipynb
[NotebookApp | INFO] Saving file at /text_analysis_1.ipynb
[NotebookApp | INFO] Saving file at /text_analysis_1.ipynb
[NotebookApp | INFO] 302 GET /notebooks/html/news.html (::1) 1.34ms
[NotebookApp | INFO] Saving file at /text_analysis_1.ipynb
[NotebookApp | INFO] Saving file at /text_analysis_1.ipynb
[NotebookApp | INFO] Saving file at /text_analysis_1.ipynb
[NotebookApp | INFO] Starting buffering for 48a0c706-15ca-464f-a4bf-331e1574b266:f86e5bcc898c4cf7ad1b22bb5d71581c
[NotebookApp | WARNING] No nbgrader_config.py file found (rerun with --debug to see where nbgrader is looking)
[NotebookApp | INFO] Loading the validate_assignment nbgrader serverextension
[NotebookApp | INFO] Serving notebooks from local directory: /Users/johnmclevey/Desktop/text_analysis_workshop
[NotebookApp | INFO] 0 active kernels
[NotebookApp | INFO] The Jupyter Notebook is running at:
[NotebookApp | INFO] http://localhost:8889/?token=a49bb8c535b4ac974511cb9bb6dd0def2b23dcf36fe1ebc2
[NotebookApp | INFO] Use Control-C to stop this server and shut down all kernels (twice to skip confirmation).
[NotebookApp | CRITICAL] 
    
    Copy/paste this URL into your browser when you connect for the first time,
    to login with a token:
        http://localhost:8889/?token=a49bb8c535b4ac974511cb9bb6dd0def2b23dcf36fe1ebc2
[NotebookApp | INFO] Accepting one-time-token-authenticated connection from ::1
[NotebookApp | WARNING] 404 GET /api/contents/atmodel_tutorial.ipynb?content=0&1559938156022 (::1): No such file or directory: atmodel_tutorial.ipynb
[NotebookApp | WARNING] No such file or directory: atmodel_tutorial.ipynb
[NotebookApp | WARNING] 404 GET /api/contents/atmodel_tutorial.ipynb?content=0&1559938156022 (::1) 1.37ms referer=http://localhost:8889/lab/tree/text_analysis_1.ipynb
[NotebookApp | INFO] Build is up to date
[NotebookApp | INFO] Kernel started: 141ce078-dcc9-4517-8238-e0177763b7fe
[NotebookApp | INFO] Adapting to protocol v5.1 for kernel 141ce078-dcc9-4517-8238-e0177763b7fe
[NotebookApp | INFO] Adapting to protocol v5.1 for kernel 141ce078-dcc9-4517-8238-e0177763b7fe
[NotebookApp | INFO] Saving file at /text_analysis_1.ipynb
[NotebookApp | INFO] Saving file at /text_analysis_1.ipynb
[NotebookApp | INFO] Saving file at /text_analysis_1.ipynb
[NotebookApp | INFO] Saving file at /text_analysis_1.ipynb
[NotebookApp | INFO] interrupted
[NotebookApp | CRITICAL] Shutdown confirmed
[NotebookApp | INFO] Shutting down 1 kernel
[NotebookApp | INFO] Kernel shutdown: 141ce078-dcc9-4517-8238-e0177763b7fe
[NotebookApp | WARNING] No nbgrader_config.py file found (rerun with --debug to see where nbgrader is looking)
[NotebookApp | INFO] Loading the validate_assignment nbgrader serverextension
[NotebookApp | INFO] Serving notebooks from local directory: /Users/johnmclevey/Desktop/text_analysis_workshop
[NotebookApp | INFO] 0 active kernels
[NotebookApp | INFO] The Jupyter Notebook is running at:
[NotebookApp | INFO] http://localhost:8889/?token=dfd62d8ff4aa0f78267f8d4301149bd4f9f02d8db40f49e5
[NotebookApp | INFO] Use Control-C to stop this server and shut down all kernels (twice to skip confirmation).
[NotebookApp | CRITICAL] 
    
    Copy/paste this URL into your browser when you connect for the first time,
    to login with a token:
        http://localhost:8889/?token=dfd62d8ff4aa0f78267f8d4301149bd4f9f02d8db40f49e5
[NotebookApp | INFO] Accepting one-time-token-authenticated connection from ::1
[NotebookApp | WARNING] 404 GET /api/kernels/141ce078-dcc9-4517-8238-e0177763b7fe/channels?session_id=4d5cc09191bb763d59140ad35c92c606&token=a49bb8c535b4ac974511cb9bb6dd0def2b23dcf36fe1ebc2 (::1): Kernel does not exist: 141ce078-dcc9-4517-8238-e0177763b7fe
[NotebookApp | WARNING] 404 GET /api/kernels/141ce078-dcc9-4517-8238-e0177763b7fe/channels?session_id=4d5cc09191bb763d59140ad35c92c606&token=a49bb8c535b4ac974511cb9bb6dd0def2b23dcf36fe1ebc2 (::1) 50.79ms referer=None
[NotebookApp | INFO] Build is up to date
[NotebookApp | INFO] interrupted
[NotebookApp | INFO] Kernel started: f4be8669-b2f8-4004-916b-a0a220af8160
[NotebookApp | CRITICAL] Shutdown confirmed
[NotebookApp | INFO] Shutting down 1 kernel
[NotebookApp | INFO] Kernel shutdown: f4be8669-b2f8-4004-916b-a0a220af8160
[NotebookApp | WARNING] No nbgrader_config.py file found (rerun with --debug to see where nbgrader is looking)
[NotebookApp | INFO] Loading the validate_assignment nbgrader serverextension
[NotebookApp | INFO] Serving notebooks from local directory: /Users/johnmclevey/Desktop/sort/text_analysis_workshop
[NotebookApp | INFO] 0 active kernels
[NotebookApp | INFO] The Jupyter Notebook is running at:
[NotebookApp | INFO] http://localhost:8889/?token=aeb78836c27892e8de1eb90b154e7874f95f89ab47efb954
[NotebookApp | INFO] Use Control-C to stop this server and shut down all kernels (twice to skip confirmation).
[NotebookApp | CRITICAL] 
    
    Copy/paste this URL into your browser when you connect for the first time,
    to login with a token:
        http://localhost:8889/?token=aeb78836c27892e8de1eb90b154e7874f95f89ab47efb954
[NotebookApp | INFO] Accepting one-time-token-authenticated connection from ::1
[NotebookApp | INFO] Build is up to date
[NotebookApp | INFO] Kernel started: dc676028-153b-489f-b54f-18c283c20387
[NotebookApp | INFO] Adapting to protocol v5.1 for kernel dc676028-153b-489f-b54f-18c283c20387
[NotebookApp | INFO] Adapting to protocol v5.1 for kernel dc676028-153b-489f-b54f-18c283c20387
[NotebookApp | INFO] Saving file at /text_analysis_1.ipynb
[NotebookApp | INFO] Saving file at /text_analysis_1.ipynb
[NotebookApp | INFO] Saving file at /text_analysis_1.ipynb
[NotebookApp | INFO] Saving file at /text_analysis_1.ipynb
[NotebookApp | INFO] Saving file at /text_analysis_1.ipynb
[NotebookApp | INFO] Saving file at /text_analysis_1.ipynb
[NotebookApp | INFO] interrupted
[NotebookApp | CRITICAL] Shutdown confirmed
[NotebookApp | INFO] Shutting down 1 kernel
[NotebookApp | INFO] Kernel shutdown: dc676028-153b-489f-b54f-18c283c20387
